Using pre-set license
Built from '2020.3/staging' branch; Version is '2020.3.28f1 (f5400f52e03f) revision 16072719'; Using compiler version '192528614'; Build Type 'Release'
OS: 'Windows 10  (10.0.19044) 64bit Professional' Language: 'lt' Physical Memory: 3977 MB
BatchMode: 1, IsHumanControllingUs: 0, StartBugReporterOnCrash: 0, Is64bit: 1, IsPro: 0

COMMAND LINE ARGUMENTS:
C:\Program Files\Unity\Hub\Editor\2020.3.28f1\Editor\Unity.exe
-adb2
-batchMode
-noUpm
-name
AssetImportWorker1
-projectPath
C:/Users/AAA/Documents/RacingGame/RacingGame/RacingGame
-logFile
Logs/AssetImportWorker1.log
-srvPort
61962
Successfully changed project path to: C:/Users/AAA/Documents/RacingGame/RacingGame/RacingGame
C:/Users/AAA/Documents/RacingGame/RacingGame/RacingGame
Using Asset Import Pipeline V2.
Refreshing native plugins compatible for Editor in 3465.97 ms, found 2 plugins.
Preloading 0 native plugins for Editor in 0.00 ms.
Initialize engine version: 2020.3.28f1 (f5400f52e03f)
[Subsystems] Discovering subsystems at path C:/Program Files/Unity/Hub/Editor/2020.3.28f1/Editor/Data/Resources/UnitySubsystems
[Subsystems] Discovering subsystems at path C:/Users/AAA/Documents/RacingGame/RacingGame/RacingGame/Assets
GfxDevice: creating device client; threaded=0
Direct3D:
    Version:  Direct3D 11.0 [level 11.1]
    Renderer: Intel(R) HD Graphics 520 (ID=0x1916)
    Vendor:   
    VRAM:     1988 MB
    Driver:   27.20.100.8682
Initialize mono
Mono path[0] = 'C:/Program Files/Unity/Hub/Editor/2020.3.28f1/Editor/Data/Managed'
Mono path[1] = 'C:/Program Files/Unity/Hub/Editor/2020.3.28f1/Editor/Data/MonoBleedingEdge/lib/mono/unityjit'
Mono config path = 'C:/Program Files/Unity/Hub/Editor/2020.3.28f1/Editor/Data/MonoBleedingEdge/etc'
Using monoOptions --debugger-agent=transport=dt_socket,embedding=1,server=y,suspend=n,address=127.0.0.1:56504
Begin MonoManager ReloadAssembly
Registering precompiled unity dll's ...
Register platform support module: C:/Program Files/Unity/Hub/Editor/2020.3.28f1/Editor/Data/PlaybackEngines/WindowsStandaloneSupport/UnityEditor.WindowsStandalone.Extensions.dll
Registered in 0.014564 seconds.
Native extension for WindowsStandalone target not found
Refreshing native plugins compatible for Editor in 106.57 ms, found 2 plugins.
Preloading 0 native plugins for Editor in 0.00 ms.
Mono: successfully reloaded assembly
- Completed reload, in  3.149 seconds
Domain Reload Profiling:
	ReloadAssembly (3150ms)
		BeginReloadAssembly (564ms)
			ExecutionOrderSort (0ms)
			DisableScriptedObjects (0ms)
			BackupInstance (0ms)
			ReleaseScriptingObjects (0ms)
			CreateAndSetChildDomain (14ms)
		EndReloadAssembly (2071ms)
			LoadAssemblies (537ms)
			RebuildTransferFunctionScriptingTraits (1ms)
			SetupTypeCache (1193ms)
			ReleaseScriptCaches (0ms)
			RebuildScriptCaches (83ms)
			SetupLoadedEditorAssemblies (484ms)
				LogAssemblyErrors (0ms)
				InitializePlatformSupportModulesInManaged (9ms)
				SetLoadedEditorAssemblies (1ms)
				RefreshPlugins (107ms)
				BeforeProcessingInitializeOnLoad (59ms)
				ProcessInitializeOnLoadAttributes (234ms)
				ProcessInitializeOnLoadMethodAttributes (74ms)
				AfterProcessingInitializeOnLoad (0ms)
				EditorAssembliesLoaded (1ms)
			ExecutionOrderSort2 (0ms)
			AwakeInstancesAfterBackupRestoration (0ms)
Platform modules already initialized, skipping
Registering precompiled user dll's ...
Registered in 0.028995 seconds.
Begin MonoManager ReloadAssembly
Native extension for WindowsStandalone target not found
Refreshing native plugins compatible for Editor in 0.83 ms, found 2 plugins.
Preloading 0 native plugins for Editor in 0.00 ms.
Mono: successfully reloaded assembly
- Completed reload, in  3.280 seconds
Domain Reload Profiling:
	ReloadAssembly (3285ms)
		BeginReloadAssembly (486ms)
			ExecutionOrderSort (0ms)
			DisableScriptedObjects (12ms)
			BackupInstance (0ms)
			ReleaseScriptingObjects (0ms)
			CreateAndSetChildDomain (42ms)
		EndReloadAssembly (2578ms)
			LoadAssemblies (278ms)
			RebuildTransferFunctionScriptingTraits (0ms)
			SetupTypeCache (851ms)
			ReleaseScriptCaches (1ms)
			RebuildScriptCaches (121ms)
			SetupLoadedEditorAssemblies (994ms)
				LogAssemblyErrors (0ms)
				InitializePlatformSupportModulesInManaged (10ms)
				SetLoadedEditorAssemblies (1ms)
				RefreshPlugins (1ms)
				BeforeProcessingInitializeOnLoad (334ms)
				ProcessInitializeOnLoadAttributes (608ms)
				ProcessInitializeOnLoadMethodAttributes (17ms)
				AfterProcessingInitializeOnLoad (23ms)
				EditorAssembliesLoaded (1ms)
			ExecutionOrderSort2 (0ms)
			AwakeInstancesAfterBackupRestoration (94ms)
Platform modules already initialized, skipping
========================================================================
Worker process is ready to serve import requests
Launched and connected shader compiler UnityShaderCompiler.exe after 0.50 seconds
Refreshing native plugins compatible for Editor in 14.36 ms, found 2 plugins.
Preloading 0 native plugins for Editor in 0.00 ms.
Unloading 1642 Unused Serialized files (Serialized files now loaded: 0)
System memory in use before: 89.8 MB.
System memory in use after: 89.9 MB.

Unloading 19 unused Assets to reduce memory usage. Loaded Objects now: 2090.
Total: 33.764200 ms (FindLiveObjects: 0.627200 ms CreateObjectMapping: 0.457500 ms MarkObjects: 32.285700 ms  DeleteObjects: 0.386900 ms)

AssetImportParameters requested are different than current active one (requested -> active):
  custom:framework-win-MediaFoundation: 216162199b28c13a410421893ffa2e32 -> 
  custom:video-decoder-ogg-theora: a1e56fd34408186e4bbccfd4996cb3dc -> 
  custom:container-muxer-webm: aa71ff27fc2769a1b78a27578f13a17b -> 
  custom:container-demuxer-webm: 4f35f7cbe854078d1ac9338744f61a02 -> 
  custom:container-demuxer-ogg: 62fdf1f143b41e24485cea50d1cbac27 -> 
  custom:video-encoder-webm-vp8: eb34c28f22e8b96e1ab97ce403110664 -> 
  custom:video-decoder-webm-vp8: 9c59270c3fd7afecdb556c50c9e8de78 -> 
  custom:audio-decoder-ogg-vorbis: bf7c407c2cedff20999df2af8eb42d56 -> 
  custom:audio-encoder-webm-vorbis: bf7c407c2cedff20999df2af8eb42d56 -> 
========================================================================
Received Import Request.
  path: Assets/Prefabs/Music.prefab
  artifactKey: Guid(d7ebd4d1277d5d64cb51bf321c0499f9) Importer(815301076,1909f56bfc062723c751e8b465ee728b)
Start importing Assets/Prefabs/Music.prefab using Guid(d7ebd4d1277d5d64cb51bf321c0499f9) Importer(815301076,1909f56bfc062723c751e8b465ee728b)  -> (artifact id: '9b0e267af21a76cce9a50c7b6dba400f') in 0.367845 seconds 
  Import took 0.438531 seconds .

========================================================================
Received Import Request.
  Time since last request: 0.001110 seconds.
  path: Assets/Prefabs/Powerup.prefab
  artifactKey: Guid(24ade07e567a8bf409dce2341acc5942) Importer(815301076,1909f56bfc062723c751e8b465ee728b)
Start importing Assets/Prefabs/Powerup.prefab using Guid(24ade07e567a8bf409dce2341acc5942) Importer(815301076,1909f56bfc062723c751e8b465ee728b)  -> (artifact id: 'd9937a2aae49a73aa9e65d51aa89ca6b') in 1.129219 seconds 
  Import took 1.142329 seconds .

========================================================================
Received Import Request.
  Time since last request: 0.000392 seconds.
  path: Assets/Prefabs/1.prefab
  artifactKey: Guid(e3ae7099952f7074da26f2f2a310faef) Importer(815301076,1909f56bfc062723c751e8b465ee728b)
Start importing Assets/Prefabs/1.prefab using Guid(e3ae7099952f7074da26f2f2a310faef) Importer(815301076,1909f56bfc062723c751e8b465ee728b)  -> (artifact id: '377d1939c3f589effba7f17550a09844') in 0.129769 seconds 
  Import took 0.145615 seconds .

========================================================================
Received Import Request.
  Time since last request: 0.001013 seconds.
  path: Assets/Prefabs/Car 3.prefab
  artifactKey: Guid(c7d6d113736aec541a138e96ab06a85c) Importer(815301076,1909f56bfc062723c751e8b465ee728b)
Start importing Assets/Prefabs/Car 3.prefab using Guid(c7d6d113736aec541a138e96ab06a85c) Importer(815301076,1909f56bfc062723c751e8b465ee728b)  -> (artifact id: '5b24bd171f8f26475c0922f5fbb56ecd') in 0.080362 seconds 
  Import took 0.088654 seconds .

========================================================================
Received Import Request.
  Time since last request: 0.000325 seconds.
  path: Assets/Prefabs/EscMenu 1.prefab
  artifactKey: Guid(14c310615dbede9468707b0daa8c34f5) Importer(815301076,1909f56bfc062723c751e8b465ee728b)
Start importing Assets/Prefabs/EscMenu 1.prefab using Guid(14c310615dbede9468707b0daa8c34f5) Importer(815301076,1909f56bfc062723c751e8b465ee728b)  -> (artifact id: 'a34a705646c0a0692228afd852d80d57') in 0.098429 seconds 
  Import took 0.103394 seconds .

========================================================================
Received Import Request.
  Time since last request: 0.000414 seconds.
  path: Assets/Prefabs/GameOverUI.prefab
  artifactKey: Guid(e441c7688575ef842a991421e0182a90) Importer(815301076,1909f56bfc062723c751e8b465ee728b)
Start importing Assets/Prefabs/GameOverUI.prefab using Guid(e441c7688575ef842a991421e0182a90) Importer(815301076,1909f56bfc062723c751e8b465ee728b)  -> (artifact id: 'e4189094fc75fa01bd3286d661ad30ab') in 0.042360 seconds 
  Import took 0.051681 seconds .

========================================================================
Received Import Request.
  Time since last request: 0.000740 seconds.
  path: Assets/Prefabs/Track.prefab
  artifactKey: Guid(8d576215c3e856740ba6e9dfa66fcbad) Importer(815301076,1909f56bfc062723c751e8b465ee728b)
Start importing Assets/Prefabs/Track.prefab using Guid(8d576215c3e856740ba6e9dfa66fcbad) Importer(815301076,1909f56bfc062723c751e8b465ee728b)  -> (artifact id: 'f3971dc27b0927c70f5cc0152f3d2911') in 0.390452 seconds 
  Import took 0.416817 seconds .

========================================================================
Received Import Request.
  Time since last request: 0.000427 seconds.
  path: Assets/Prefabs/SinglePlayerCanvas.prefab
  artifactKey: Guid(676e0f8065a9c5b41ba718664f066444) Importer(815301076,1909f56bfc062723c751e8b465ee728b)
Start importing Assets/Prefabs/SinglePlayerCanvas.prefab using Guid(676e0f8065a9c5b41ba718664f066444) Importer(815301076,1909f56bfc062723c751e8b465ee728b)  -> (artifact id: 'b27b06379451919427f1ed905cc10272') in 0.061439 seconds 
  Import took 0.074238 seconds .

========================================================================
Received Import Request.
  Time since last request: 0.000462 seconds.
  path: Assets/Prefabs/Car 3 Display.prefab
  artifactKey: Guid(63620736c1591bd409c9dcccda643982) Importer(815301076,1909f56bfc062723c751e8b465ee728b)
Start importing Assets/Prefabs/Car 3 Display.prefab using Guid(63620736c1591bd409c9dcccda643982) Importer(815301076,1909f56bfc062723c751e8b465ee728b)  -> (artifact id: '8d9706e684ae44895e1e741412d52c0a') in 0.095952 seconds 
  Import took 0.301899 seconds .

========================================================================
Received Import Request.
  Time since last request: 0.004229 seconds.
  path: Assets/Prefabs/Fence (3).prefab
  artifactKey: Guid(8806c3d025a037746b2f0a9209e92fb9) Importer(815301076,1909f56bfc062723c751e8b465ee728b)
Start importing Assets/Prefabs/Fence (3).prefab using Guid(8806c3d025a037746b2f0a9209e92fb9) Importer(815301076,1909f56bfc062723c751e8b465ee728b)  -> (artifact id: 'cb4fe2d26183214f8e19c962d4e3818f') in 0.093998 seconds 
  Import took 0.106300 seconds .

========================================================================
Received Import Request.
  Time since last request: 0.000532 seconds.
  path: Assets/Prefabs/Car 1.prefab
  artifactKey: Guid(f374cd74b233d194fb0b413ea999293f) Importer(815301076,1909f56bfc062723c751e8b465ee728b)
Start importing Assets/Prefabs/Car 1.prefab using Guid(f374cd74b233d194fb0b413ea999293f) Importer(815301076,1909f56bfc062723c751e8b465ee728b)  -> (artifact id: 'c0607e419b0cabcf6d919be9f3196b66') in 0.087180 seconds 
  Import took 0.094643 seconds .

========================================================================
Received Import Request.
  Time since last request: 0.000385 seconds.
  path: Assets/Prefabs/PowerupController.prefab
  artifactKey: Guid(224f42386b38d6f49a844adfb19c8306) Importer(815301076,1909f56bfc062723c751e8b465ee728b)
Start importing Assets/Prefabs/PowerupController.prefab using Guid(224f42386b38d6f49a844adfb19c8306) Importer(815301076,1909f56bfc062723c751e8b465ee728b)  -> (artifact id: '01ea7ee412dfacc8c7221523fa812ebe') in 0.092428 seconds 
  Import took 0.097910 seconds .

========================================================================
Received Import Request.
  Time since last request: 0.000418 seconds.
  path: Assets/Prefabs/EventSystem.prefab
  artifactKey: Guid(9004ba2cb6969554cb82661cd65ce1b9) Importer(815301076,1909f56bfc062723c751e8b465ee728b)
Start importing Assets/Prefabs/EventSystem.prefab using Guid(9004ba2cb6969554cb82661cd65ce1b9) Importer(815301076,1909f56bfc062723c751e8b465ee728b)  -> (artifact id: 'fa1c6ac8d556b9b4d143caa06fb8a022') in 0.071608 seconds 
  Import took 0.077383 seconds .

========================================================================
Received Import Request.
  Time since last request: 0.000501 seconds.
  path: Assets/Prefabs/PostProcessing.prefab
  artifactKey: Guid(e944945a8d4ec914985176f6be72b347) Importer(815301076,1909f56bfc062723c751e8b465ee728b)
Start importing Assets/Prefabs/PostProcessing.prefab using Guid(e944945a8d4ec914985176f6be72b347) Importer(815301076,1909f56bfc062723c751e8b465ee728b)  -> (artifact id: '4ea0fdb6ecbeb508f1ccbdfa40788791') in 0.087907 seconds 
  Import took 0.094630 seconds .

========================================================================
Received Import Request.
  Time since last request: 0.000439 seconds.
  path: Assets/Prefabs/Car 2.prefab
  artifactKey: Guid(e77ef80f3a14e5b438d5ff99b9ef931e) Importer(815301076,1909f56bfc062723c751e8b465ee728b)
Start importing Assets/Prefabs/Car 2.prefab using Guid(e77ef80f3a14e5b438d5ff99b9ef931e) Importer(815301076,1909f56bfc062723c751e8b465ee728b)  -> (artifact id: '250a741ece5381bfbc4e8fa5ce8e0c0f') in 0.070647 seconds 
  Import took 0.076850 seconds .

========================================================================
Received Import Request.
  Time since last request: 0.000664 seconds.
  path: Assets/Prefabs/MultiPlayerCanvas.prefab
  artifactKey: Guid(3c07f9a6804015e4a8bc2609b0e2d71d) Importer(815301076,1909f56bfc062723c751e8b465ee728b)
Start importing Assets/Prefabs/MultiPlayerCanvas.prefab using Guid(3c07f9a6804015e4a8bc2609b0e2d71d) Importer(815301076,1909f56bfc062723c751e8b465ee728b)  -> (artifact id: '0d74d249819e280135b0e5a7a5403bc8') in 0.064748 seconds 
  Import took 0.071883 seconds .

========================================================================
Received Import Request.
  Time since last request: 0.000134 seconds.
  path: Assets/Prefabs/SoundEffects.prefab
  artifactKey: Guid(71810238055b35940896563f6327ca0d) Importer(815301076,1909f56bfc062723c751e8b465ee728b)
Start importing Assets/Prefabs/SoundEffects.prefab using Guid(71810238055b35940896563f6327ca0d) Importer(815301076,1909f56bfc062723c751e8b465ee728b)  -> (artifact id: '9aa61a6d7f6c9710d4d0f8462b9db14a') in 0.045328 seconds 
  Import took 0.060780 seconds .

========================================================================
Received Import Request.
  Time since last request: 0.000996 seconds.
  path: Assets/Prefabs/Car 2 Display.prefab
  artifactKey: Guid(4a1314c27fc93b94ca3054532c51d818) Importer(815301076,1909f56bfc062723c751e8b465ee728b)
Start importing Assets/Prefabs/Car 2 Display.prefab using Guid(4a1314c27fc93b94ca3054532c51d818) Importer(815301076,1909f56bfc062723c751e8b465ee728b)  -> (artifact id: '2d806b1f0308b5897918cafacbeb0ae9') in 0.034588 seconds 
  Import took 0.042605 seconds .

========================================================================
Received Import Request.
  Time since last request: 0.000482 seconds.
  path: Assets/Prefabs/Car 1 Display.prefab
  artifactKey: Guid(c36bf4e068a19d34895241b966e6bf54) Importer(815301076,1909f56bfc062723c751e8b465ee728b)
Start importing Assets/Prefabs/Car 1 Display.prefab using Guid(c36bf4e068a19d34895241b966e6bf54) Importer(815301076,1909f56bfc062723c751e8b465ee728b)  -> (artifact id: '8155a7a2e7caa1500554acffd94b2c42') in 0.038261 seconds 
  Import took 0.046501 seconds .

========================================================================
Received Import Request.
  Time since last request: 0.000640 seconds.
  path: Assets/Prefabs/Track 1 Display.prefab
  artifactKey: Guid(2d7743af8c087b747b88e81ef1d1c3ea) Importer(815301076,1909f56bfc062723c751e8b465ee728b)
Start importing Assets/Prefabs/Track 1 Display.prefab using Guid(2d7743af8c087b747b88e81ef1d1c3ea) Importer(815301076,1909f56bfc062723c751e8b465ee728b)  -> (artifact id: '8d645535602a2394033afd2dd0fbd937') in 0.095889 seconds 
  Import took 0.108367 seconds .

========================================================================
Received Prepare
Registering precompiled user dll's ...
Registered in 0.033093 seconds.
Begin MonoManager ReloadAssembly
Native extension for WindowsStandalone target not found
Refreshing native plugins compatible for Editor in 0.73 ms, found 2 plugins.
Preloading 0 native plugins for Editor in 0.00 ms.
Mono: successfully reloaded assembly
- Completed reload, in  3.827 seconds
Domain Reload Profiling:
	ReloadAssembly (3828ms)
		BeginReloadAssembly (547ms)
			ExecutionOrderSort (0ms)
			DisableScriptedObjects (8ms)
			BackupInstance (0ms)
			ReleaseScriptingObjects (0ms)
			CreateAndSetChildDomain (104ms)
		EndReloadAssembly (3093ms)
			LoadAssemblies (492ms)
			RebuildTransferFunctionScriptingTraits (0ms)
			SetupTypeCache (744ms)
			ReleaseScriptCaches (1ms)
			RebuildScriptCaches (76ms)
			SetupLoadedEditorAssemblies (1676ms)
				LogAssemblyErrors (0ms)
				InitializePlatformSupportModulesInManaged (10ms)
				SetLoadedEditorAssemblies (1ms)
				RefreshPlugins (1ms)
				BeforeProcessingInitializeOnLoad (160ms)
				ProcessInitializeOnLoadAttributes (1389ms)
				ProcessInitializeOnLoadMethodAttributes (65ms)
				AfterProcessingInitializeOnLoad (51ms)
				EditorAssembliesLoaded (1ms)
			ExecutionOrderSort2 (0ms)
			AwakeInstancesAfterBackupRestoration (28ms)
Platform modules already initialized, skipping
Refreshing native plugins compatible for Editor in 0.54 ms, found 2 plugins.
Preloading 0 native plugins for Editor in 0.00 ms.
Unloading 1610 Unused Serialized files (Serialized files now loaded: 0)
System memory in use before: 92.0 MB.
System memory in use after: 92.1 MB.

Unloading 21 unused Assets to reduce memory usage. Loaded Objects now: 2107.
Total: 4.392800 ms (FindLiveObjects: 0.297900 ms CreateObjectMapping: 0.108600 ms MarkObjects: 3.884400 ms  DeleteObjects: 0.100300 ms)

AssetImportParameters requested are different than current active one (requested -> active):
  custom:framework-win-MediaFoundation: 216162199b28c13a410421893ffa2e32 -> 
  custom:video-decoder-ogg-theora: a1e56fd34408186e4bbccfd4996cb3dc -> 
  custom:container-muxer-webm: aa71ff27fc2769a1b78a27578f13a17b -> 
  custom:container-demuxer-webm: 4f35f7cbe854078d1ac9338744f61a02 -> 
  custom:container-demuxer-ogg: 62fdf1f143b41e24485cea50d1cbac27 -> 
  custom:video-encoder-webm-vp8: eb34c28f22e8b96e1ab97ce403110664 -> 
  custom:video-decoder-webm-vp8: 9c59270c3fd7afecdb556c50c9e8de78 -> 
  custom:audio-decoder-ogg-vorbis: bf7c407c2cedff20999df2af8eb42d56 -> 
  custom:audio-encoder-webm-vorbis: bf7c407c2cedff20999df2af8eb42d56 -> 
